2024-07-26T13:54:26.298+09:00  INFO 19124 --- [main] web.AppStart                             : Starting AppStart using Java 17.0.12 with PID 19124 (C:\Users\codemaster\Documents\workspace\springboot2\build\classes\java\main started by codemaster in C:\Users\codemaster\Documents\workspace\springboot2)
2024-07-26T13:54:26.300+09:00  INFO 19124 --- [main] web.AppStart                             : No active profile set, falling back to 1 default profile: "default"
2024-07-26T13:54:26.967+09:00  INFO 19124 --- [main] o.s.b.w.embedded.tomcat.TomcatWebServer  : Tomcat initialized with port 8080 (http)
2024-07-26T13:54:26.977+09:00  INFO 19124 --- [main] o.apache.catalina.core.StandardService   : Starting service [Tomcat]
2024-07-26T13:54:26.978+09:00  INFO 19124 --- [main] o.apache.catalina.core.StandardEngine    : Starting Servlet engine: [Apache Tomcat/10.1.26]
2024-07-26T13:54:27.019+09:00  INFO 19124 --- [main] o.a.c.c.C.[Tomcat].[localhost].[/]       : Initializing Spring embedded WebApplicationContext
2024-07-26T13:54:27.020+09:00  INFO 19124 --- [main] w.s.c.ServletWebServerApplicationContext : Root WebApplicationContext: initialization completed in 680 ms
2024-07-26T13:54:27.401+09:00  INFO 19124 --- [main] o.s.b.a.w.s.WelcomePageHandlerMapping    : Adding welcome page: class path resource [static/index.html]
2024-07-26T13:54:27.631+09:00  INFO 19124 --- [main] o.s.b.w.embedded.tomcat.TomcatWebServer  : Tomcat started on port 8080 (http) with context path '/'
2024-07-26T13:54:27.637+09:00  INFO 19124 --- [main] web.AppStart                             : Started AppStart in 1.633 seconds (process running for 2.008)
2024-07-26T13:54:30.817+09:00  INFO 19124 --- [http-nio-8080-exec-1] o.a.c.c.C.[Tomcat].[localhost].[/]       : Initializing Spring DispatcherServlet 'dispatcherServlet'
2024-07-26T13:54:30.817+09:00  INFO 19124 --- [http-nio-8080-exec-1] o.s.web.servlet.DispatcherServlet        : Initializing Servlet 'dispatcherServlet'
2024-07-26T13:54:30.818+09:00  INFO 19124 --- [http-nio-8080-exec-1] o.s.web.servlet.DispatcherServlet        : Completed initialization in 1 ms
2024-07-26T13:57:46.874+09:00  INFO 20084 --- [main] web.AppStart                             : Starting AppStart using Java 17.0.12 with PID 20084 (C:\Users\codemaster\Documents\workspace\springboot2\build\classes\java\main started by codemaster in C:\Users\codemaster\Documents\workspace\springboot2)
2024-07-26T13:57:46.876+09:00  INFO 20084 --- [main] web.AppStart                             : No active profile set, falling back to 1 default profile: "default"
2024-07-26T13:57:47.552+09:00  INFO 20084 --- [main] o.s.b.w.embedded.tomcat.TomcatWebServer  : Tomcat initialized with port 8080 (http)
2024-07-26T13:57:47.561+09:00  INFO 20084 --- [main] o.apache.catalina.core.StandardService   : Starting service [Tomcat]
2024-07-26T13:57:47.561+09:00  INFO 20084 --- [main] o.apache.catalina.core.StandardEngine    : Starting Servlet engine: [Apache Tomcat/10.1.26]
2024-07-26T13:57:47.597+09:00  INFO 20084 --- [main] o.a.c.c.C.[Tomcat].[localhost].[/]       : Initializing Spring embedded WebApplicationContext
2024-07-26T13:57:47.597+09:00  INFO 20084 --- [main] w.s.c.ServletWebServerApplicationContext : Root WebApplicationContext: initialization completed in 689 ms
2024-07-26T13:57:47.931+09:00  INFO 20084 --- [main] o.s.b.a.w.s.WelcomePageHandlerMapping    : Adding welcome page: class path resource [static/index.html]
2024-07-26T13:57:48.141+09:00  INFO 20084 --- [main] o.s.b.w.embedded.tomcat.TomcatWebServer  : Tomcat started on port 8080 (http) with context path '/'
2024-07-26T13:57:48.148+09:00  INFO 20084 --- [main] web.AppStart                             : Started AppStart in 1.605 seconds (process running for 1.963)
2024-07-26T13:57:58.801+09:00  INFO 20084 --- [http-nio-8080-exec-1] o.a.c.c.C.[Tomcat].[localhost].[/]       : Initializing Spring DispatcherServlet 'dispatcherServlet'
2024-07-26T13:57:58.801+09:00  INFO 20084 --- [http-nio-8080-exec-1] o.s.web.servlet.DispatcherServlet        : Initializing Servlet 'dispatcherServlet'
2024-07-26T13:57:58.802+09:00  INFO 20084 --- [http-nio-8080-exec-1] o.s.web.servlet.DispatcherServlet        : Completed initialization in 1 ms
2024-07-26T14:07:06.901+09:00  INFO 11200 --- [main] web.AppStart                             : Starting AppStart using Java 17.0.12 with PID 11200 (C:\Users\codemaster\Documents\workspace\springboot2\build\classes\java\main started by codemaster in C:\Users\codemaster\Documents\workspace\springboot2)
2024-07-26T14:07:06.903+09:00  INFO 11200 --- [main] web.AppStart                             : No active profile set, falling back to 1 default profile: "default"
2024-07-26T14:07:07.531+09:00  INFO 11200 --- [main] o.s.b.w.embedded.tomcat.TomcatWebServer  : Tomcat initialized with port 8080 (http)
2024-07-26T14:07:07.539+09:00  INFO 11200 --- [main] o.apache.catalina.core.StandardService   : Starting service [Tomcat]
2024-07-26T14:07:07.539+09:00  INFO 11200 --- [main] o.apache.catalina.core.StandardEngine    : Starting Servlet engine: [Apache Tomcat/10.1.26]
2024-07-26T14:07:07.581+09:00  INFO 11200 --- [main] o.a.c.c.C.[Tomcat].[localhost].[/]       : Initializing Spring embedded WebApplicationContext
2024-07-26T14:07:07.581+09:00  INFO 11200 --- [main] w.s.c.ServletWebServerApplicationContext : Root WebApplicationContext: initialization completed in 649 ms
2024-07-26T14:07:07.906+09:00  INFO 11200 --- [main] o.s.b.a.w.s.WelcomePageHandlerMapping    : Adding welcome page: class path resource [static/index.html]
2024-07-26T14:07:08.086+09:00  INFO 11200 --- [main] o.s.b.w.embedded.tomcat.TomcatWebServer  : Tomcat started on port 8080 (http) with context path '/'
2024-07-26T14:07:08.091+09:00  INFO 11200 --- [main] web.AppStart                             : Started AppStart in 1.493 seconds (process running for 1.886)
2024-07-26T14:07:15.955+09:00  INFO 11200 --- [http-nio-8080-exec-1] o.a.c.c.C.[Tomcat].[localhost].[/]       : Initializing Spring DispatcherServlet 'dispatcherServlet'
2024-07-26T14:07:15.955+09:00  INFO 11200 --- [http-nio-8080-exec-1] o.s.web.servlet.DispatcherServlet        : Initializing Servlet 'dispatcherServlet'
2024-07-26T14:07:15.956+09:00  INFO 11200 --- [http-nio-8080-exec-1] o.s.web.servlet.DispatcherServlet        : Completed initialization in 1 ms
2024-07-26T14:09:02.227+09:00  INFO 4684 --- [main] web.AppStart                             : Starting AppStart using Java 17.0.12 with PID 4684 (C:\Users\codemaster\Documents\workspace\springboot2\build\classes\java\main started by codemaster in C:\Users\codemaster\Documents\workspace\springboot2)
2024-07-26T14:09:02.229+09:00  INFO 4684 --- [main] web.AppStart                             : No active profile set, falling back to 1 default profile: "default"
2024-07-26T14:09:02.847+09:00  INFO 4684 --- [main] o.s.b.w.embedded.tomcat.TomcatWebServer  : Tomcat initialized with port 8080 (http)
2024-07-26T14:09:02.859+09:00  INFO 4684 --- [main] o.apache.catalina.core.StandardService   : Starting service [Tomcat]
2024-07-26T14:09:02.859+09:00  INFO 4684 --- [main] o.apache.catalina.core.StandardEngine    : Starting Servlet engine: [Apache Tomcat/10.1.26]
2024-07-26T14:09:02.899+09:00  INFO 4684 --- [main] o.a.c.c.C.[Tomcat].[localhost].[/]       : Initializing Spring embedded WebApplicationContext
2024-07-26T14:09:02.900+09:00  INFO 4684 --- [main] w.s.c.ServletWebServerApplicationContext : Root WebApplicationContext: initialization completed in 643 ms
2024-07-26T14:09:03.222+09:00  INFO 4684 --- [main] o.s.b.a.w.s.WelcomePageHandlerMapping    : Adding welcome page: class path resource [static/index.html]
2024-07-26T14:09:03.442+09:00  INFO 4684 --- [main] o.s.b.w.embedded.tomcat.TomcatWebServer  : Tomcat started on port 8080 (http) with context path '/'
2024-07-26T14:09:03.450+09:00  INFO 4684 --- [main] web.AppStart                             : Started AppStart in 1.526 seconds (process running for 1.928)
2024-07-26T14:09:08.198+09:00  INFO 4684 --- [http-nio-8080-exec-2] o.a.c.c.C.[Tomcat].[localhost].[/]       : Initializing Spring DispatcherServlet 'dispatcherServlet'
2024-07-26T14:09:08.199+09:00  INFO 4684 --- [http-nio-8080-exec-2] o.s.web.servlet.DispatcherServlet        : Initializing Servlet 'dispatcherServlet'
2024-07-26T14:09:08.199+09:00  INFO 4684 --- [http-nio-8080-exec-2] o.s.web.servlet.DispatcherServlet        : Completed initialization in 0 ms
2024-07-26T14:10:05.995+09:00  INFO 20952 --- [main] web.AppStart                             : Starting AppStart using Java 17.0.12 with PID 20952 (C:\Users\codemaster\Documents\workspace\springboot2\build\classes\java\main started by codemaster in C:\Users\codemaster\Documents\workspace\springboot2)
2024-07-26T14:10:05.998+09:00  INFO 20952 --- [main] web.AppStart                             : No active profile set, falling back to 1 default profile: "default"
2024-07-26T14:10:06.739+09:00  INFO 20952 --- [main] o.s.b.w.embedded.tomcat.TomcatWebServer  : Tomcat initialized with port 8080 (http)
2024-07-26T14:10:06.748+09:00  INFO 20952 --- [main] o.apache.catalina.core.StandardService   : Starting service [Tomcat]
2024-07-26T14:10:06.748+09:00  INFO 20952 --- [main] o.apache.catalina.core.StandardEngine    : Starting Servlet engine: [Apache Tomcat/10.1.26]
2024-07-26T14:10:06.784+09:00  INFO 20952 --- [main] o.a.c.c.C.[Tomcat].[localhost].[/]       : Initializing Spring embedded WebApplicationContext
2024-07-26T14:10:06.785+09:00  INFO 20952 --- [main] w.s.c.ServletWebServerApplicationContext : Root WebApplicationContext: initialization completed in 745 ms
2024-07-26T14:10:07.150+09:00  INFO 20952 --- [main] o.s.b.a.w.s.WelcomePageHandlerMapping    : Adding welcome page: class path resource [static/index.html]
2024-07-26T14:10:07.338+09:00  INFO 20952 --- [main] o.s.b.w.embedded.tomcat.TomcatWebServer  : Tomcat started on port 8080 (http) with context path '/'
2024-07-26T14:10:07.343+09:00  INFO 20952 --- [main] web.AppStart                             : Started AppStart in 1.683 seconds (process running for 2.109)
2024-07-26T14:10:11.044+09:00  INFO 20952 --- [http-nio-8080-exec-7] o.a.c.c.C.[Tomcat].[localhost].[/]       : Initializing Spring DispatcherServlet 'dispatcherServlet'
2024-07-26T14:10:11.044+09:00  INFO 20952 --- [http-nio-8080-exec-7] o.s.web.servlet.DispatcherServlet        : Initializing Servlet 'dispatcherServlet'
2024-07-26T14:10:11.045+09:00  INFO 20952 --- [http-nio-8080-exec-7] o.s.web.servlet.DispatcherServlet        : Completed initialization in 1 ms
2024-07-26T14:11:27.856+09:00  INFO 9568 --- [main] web.AppStart                             : Starting AppStart using Java 17.0.12 with PID 9568 (C:\Users\codemaster\Documents\workspace\springboot2\build\classes\java\main started by codemaster in C:\Users\codemaster\Documents\workspace\springboot2)
2024-07-26T14:11:27.858+09:00  INFO 9568 --- [main] web.AppStart                             : No active profile set, falling back to 1 default profile: "default"
2024-07-26T14:11:28.487+09:00  INFO 9568 --- [main] o.s.b.w.embedded.tomcat.TomcatWebServer  : Tomcat initialized with port 8080 (http)
2024-07-26T14:11:28.498+09:00  INFO 9568 --- [main] o.apache.catalina.core.StandardService   : Starting service [Tomcat]
2024-07-26T14:11:28.498+09:00  INFO 9568 --- [main] o.apache.catalina.core.StandardEngine    : Starting Servlet engine: [Apache Tomcat/10.1.26]
2024-07-26T14:11:28.543+09:00  INFO 9568 --- [main] o.a.c.c.C.[Tomcat].[localhost].[/]       : Initializing Spring embedded WebApplicationContext
2024-07-26T14:11:28.544+09:00  INFO 9568 --- [main] w.s.c.ServletWebServerApplicationContext : Root WebApplicationContext: initialization completed in 659 ms
2024-07-26T14:11:28.863+09:00  INFO 9568 --- [main] o.s.b.a.w.s.WelcomePageHandlerMapping    : Adding welcome page: class path resource [static/index.html]
2024-07-26T14:11:29.116+09:00  INFO 9568 --- [main] o.s.b.w.embedded.tomcat.TomcatWebServer  : Tomcat started on port 8080 (http) with context path '/'
2024-07-26T14:11:29.122+09:00  INFO 9568 --- [main] web.AppStart                             : Started AppStart in 1.567 seconds (process running for 1.947)
2024-07-26T14:11:37.800+09:00  INFO 9568 --- [http-nio-8080-exec-1] o.a.c.c.C.[Tomcat].[localhost].[/]       : Initializing Spring DispatcherServlet 'dispatcherServlet'
2024-07-26T14:11:37.800+09:00  INFO 9568 --- [http-nio-8080-exec-1] o.s.web.servlet.DispatcherServlet        : Initializing Servlet 'dispatcherServlet'
2024-07-26T14:11:37.801+09:00  INFO 9568 --- [http-nio-8080-exec-1] o.s.web.servlet.DispatcherServlet        : Completed initialization in 1 ms
2024-07-26T14:12:49.149+09:00  INFO 21516 --- [main] web.AppStart                             : Starting AppStart using Java 17.0.12 with PID 21516 (C:\Users\codemaster\Documents\workspace\springboot2\build\classes\java\main started by codemaster in C:\Users\codemaster\Documents\workspace\springboot2)
2024-07-26T14:12:49.150+09:00  INFO 21516 --- [main] web.AppStart                             : No active profile set, falling back to 1 default profile: "default"
2024-07-26T14:12:49.901+09:00  INFO 21516 --- [main] o.s.b.w.embedded.tomcat.TomcatWebServer  : Tomcat initialized with port 8080 (http)
2024-07-26T14:12:49.909+09:00  INFO 21516 --- [main] o.apache.catalina.core.StandardService   : Starting service [Tomcat]
2024-07-26T14:12:49.909+09:00  INFO 21516 --- [main] o.apache.catalina.core.StandardEngine    : Starting Servlet engine: [Apache Tomcat/10.1.26]
2024-07-26T14:12:49.948+09:00  INFO 21516 --- [main] o.a.c.c.C.[Tomcat].[localhost].[/]       : Initializing Spring embedded WebApplicationContext
2024-07-26T14:12:49.949+09:00  INFO 21516 --- [main] w.s.c.ServletWebServerApplicationContext : Root WebApplicationContext: initialization completed in 766 ms
2024-07-26T14:12:50.261+09:00  INFO 21516 --- [main] o.s.b.a.w.s.WelcomePageHandlerMapping    : Adding welcome page: class path resource [static/index.html]
2024-07-26T14:12:50.446+09:00  INFO 21516 --- [main] o.s.b.w.embedded.tomcat.TomcatWebServer  : Tomcat started on port 8080 (http) with context path '/'
2024-07-26T14:12:50.450+09:00  INFO 21516 --- [main] web.AppStart                             : Started AppStart in 1.616 seconds (process running for 2.011)
2024-07-26T14:13:06.519+09:00  INFO 21516 --- [http-nio-8080-exec-1] o.a.c.c.C.[Tomcat].[localhost].[/]       : Initializing Spring DispatcherServlet 'dispatcherServlet'
2024-07-26T14:13:06.520+09:00  INFO 21516 --- [http-nio-8080-exec-1] o.s.web.servlet.DispatcherServlet        : Initializing Servlet 'dispatcherServlet'
2024-07-26T14:13:06.520+09:00  INFO 21516 --- [http-nio-8080-exec-1] o.s.web.servlet.DispatcherServlet        : Completed initialization in 0 ms
2024-07-26T14:35:14.099+09:00  INFO 24664 --- [main] web.AppStart                             : Starting AppStart using Java 17.0.12 with PID 24664 (C:\Users\codemaster\Documents\workspace\springboot2\build\classes\java\main started by codemaster in C:\Users\codemaster\Documents\workspace\springboot2)
2024-07-26T14:35:14.105+09:00  INFO 24664 --- [main] web.AppStart                             : No active profile set, falling back to 1 default profile: "default"
2024-07-26T14:35:14.793+09:00  INFO 24664 --- [main] o.s.b.w.embedded.tomcat.TomcatWebServer  : Tomcat initialized with port 8080 (http)
2024-07-26T14:35:14.804+09:00  INFO 24664 --- [main] o.apache.catalina.core.StandardService   : Starting service [Tomcat]
2024-07-26T14:35:14.804+09:00  INFO 24664 --- [main] o.apache.catalina.core.StandardEngine    : Starting Servlet engine: [Apache Tomcat/10.1.26]
2024-07-26T14:35:14.844+09:00  INFO 24664 --- [main] o.a.c.c.C.[Tomcat].[localhost].[/]       : Initializing Spring embedded WebApplicationContext
2024-07-26T14:35:14.844+09:00  INFO 24664 --- [main] w.s.c.ServletWebServerApplicationContext : Root WebApplicationContext: initialization completed in 713 ms
2024-07-26T14:35:15.249+09:00  INFO 24664 --- [main] o.s.b.a.w.s.WelcomePageHandlerMapping    : Adding welcome page: class path resource [static/index.html]
2024-07-26T14:35:15.433+09:00  INFO 24664 --- [main] o.s.b.w.embedded.tomcat.TomcatWebServer  : Tomcat started on port 8080 (http) with context path '/'
2024-07-26T14:35:15.438+09:00  INFO 24664 --- [main] web.AppStart                             : Started AppStart in 1.652 seconds (process running for 2.305)
2024-07-26T14:35:25.848+09:00  INFO 24664 --- [http-nio-8080-exec-1] o.a.c.c.C.[Tomcat].[localhost].[/]       : Initializing Spring DispatcherServlet 'dispatcherServlet'
2024-07-26T14:35:25.849+09:00  INFO 24664 --- [http-nio-8080-exec-1] o.s.web.servlet.DispatcherServlet        : Initializing Servlet 'dispatcherServlet'
2024-07-26T14:35:25.849+09:00  INFO 24664 --- [http-nio-8080-exec-1] o.s.web.servlet.DispatcherServlet        : Completed initialization in 0 ms
2024-07-26T14:37:41.615+09:00  INFO 13268 --- [main] web.AppStart                             : Starting AppStart using Java 17.0.12 with PID 13268 (C:\Users\codemaster\Documents\workspace\springboot2\build\classes\java\main started by codemaster in C:\Users\codemaster\Documents\workspace\springboot2)
2024-07-26T14:37:41.619+09:00  INFO 13268 --- [main] web.AppStart                             : No active profile set, falling back to 1 default profile: "default"
2024-07-26T14:37:42.365+09:00  INFO 13268 --- [main] o.s.b.w.embedded.tomcat.TomcatWebServer  : Tomcat initialized with port 8080 (http)
2024-07-26T14:37:42.375+09:00  INFO 13268 --- [main] o.apache.catalina.core.StandardService   : Starting service [Tomcat]
2024-07-26T14:37:42.375+09:00  INFO 13268 --- [main] o.apache.catalina.core.StandardEngine    : Starting Servlet engine: [Apache Tomcat/10.1.26]
2024-07-26T14:37:42.421+09:00  INFO 13268 --- [main] o.a.c.c.C.[Tomcat].[localhost].[/]       : Initializing Spring embedded WebApplicationContext
2024-07-26T14:37:42.421+09:00  INFO 13268 --- [main] w.s.c.ServletWebServerApplicationContext : Root WebApplicationContext: initialization completed in 758 ms
2024-07-26T14:37:42.771+09:00  INFO 13268 --- [main] o.s.b.a.w.s.WelcomePageHandlerMapping    : Adding welcome page: class path resource [static/index.html]
2024-07-26T14:37:43.014+09:00  INFO 13268 --- [main] o.s.b.w.embedded.tomcat.TomcatWebServer  : Tomcat started on port 8080 (http) with context path '/'
2024-07-26T14:37:43.020+09:00  INFO 13268 --- [main] web.AppStart                             : Started AppStart in 1.74 seconds (process running for 2.138)
2024-07-26T14:37:45.168+09:00  INFO 13268 --- [http-nio-8080-exec-1] o.a.c.c.C.[Tomcat].[localhost].[/]       : Initializing Spring DispatcherServlet 'dispatcherServlet'
2024-07-26T14:37:45.169+09:00  INFO 13268 --- [http-nio-8080-exec-1] o.s.web.servlet.DispatcherServlet        : Initializing Servlet 'dispatcherServlet'
2024-07-26T14:37:45.170+09:00  INFO 13268 --- [http-nio-8080-exec-1] o.s.web.servlet.DispatcherServlet        : Completed initialization in 0 ms
